<?xml version="1.0" encoding="UTF-8"?>
<!-- Generated by org.testng.reporters.JUnitReportReporter -->
<testsuite hostname="ManojKrishnan" failures="0" tests="3" name="A97_Pattern_Program" time="0.021" errors="0" timestamp="2022-08-30T09:15:00 IST" skipped="0">
  <testcase classname="A97_Pattern_Program" name="ThreePattern" time="0.017"/>
  <system-out/>
  <testcase classname="A97_Pattern_Program" name="SevenPattern" time="0.003"/>
  <system-out/>
  <testcase classname="A97_Pattern_Program" name="DiagonalShape" time="0.001"/>
  <system-out/>
</testsuite> <!-- A97_Pattern_Program -->
